stdio    D         file_stdio.c:110  file_stdio_fopen                 [   0.00000] opening D:\大四上\程設二\meowwwww\bin\Debug\allegro5.cfg r
system   D            wsystem.c:874  _al_win_safe_load_library        [   0.00000] PathFindOnPath found: C:\WINDOWS\system32\shcore.dll
system   D            wsystem.c:780  load_library_at_path             [   0.00000] Calling LoadLibrary C:\WINDOWS\system32\shcore.dll
system   I            wsystem.c:783  load_library_at_path             [   0.00000] Loaded C:\WINDOWS\system32\shcore.dll
system   I             system.c:271  al_install_system                [   0.00000] Allegro version: 5.2.7
system   D            wsystem.c:874  _al_win_safe_load_library        [   0.00197] PathFindOnPath found: C:\WINDOWS\system32\d3d9.dll
system   D            wsystem.c:780  load_library_at_path             [   0.00201] Calling LoadLibrary C:\WINDOWS\system32\d3d9.dll
system   I            wsystem.c:783  load_library_at_path             [   0.00435] Loaded C:\WINDOWS\system32\d3d9.dll
d3d      I         d3d_disp.cpp:684  d3d_init_display                 [   0.01943] Render-to-texture: 1
d3d      I         d3d_disp.cpp:1782 d3d_create_display_locked        [   0.02001] faux_fullscreen=0
d3d      D         d3d_disp.cpp:1783 d3d_create_display_locked        [   0.02003] al_display=0000000002796910
d3d      D         d3d_disp.cpp:1784 d3d_create_display_locked        [   0.02005] al_display->vt=00000000027967a0
d3d      I d3d_display_formats.cpp:144  _al_d3d_generate_display_format_list [   0.02229] found 64 format combinations
display  D   display_settings.c:212  debug_display_settings           [   0.02235] color: 32 (rgba 8880), depth: 0, stencil: 0, acc: 0000, samples: 0/0
display  D   display_settings.c:527  _al_score_display_settings       [   0.02237] Score is : 897
display  D   display_settings.c:212  debug_display_settings           [   0.02240] color: 32 (rgba 8880), depth: 0, stencil: 0, acc: 0000, samples: 0/0
display  D   display_settings.c:527  _al_score_display_settings       [   0.02241] Score is : 897
display  D   display_settings.c:212  debug_display_settings           [   0.02243] color: 32 (rgba 8880), depth: 24, stencil: 8, acc: 0000, samples: 0/0
display  D   display_settings.c:527  _al_score_display_settings       [   0.02245] Score is : 897
display  D   display_settings.c:212  debug_display_settings           [   0.02246] color: 32 (rgba 8880), depth: 24, stencil: 8, acc: 0000, samples: 0/0
display  D   display_settings.c:527  _al_score_display_settings       [   0.02248] Score is : 897
display  D   display_settings.c:212  debug_display_settings           [   0.02250] color: 32 (rgba 8880), depth: 24, stencil: 0, acc: 0000, samples: 0/0
display  D   display_settings.c:527  _al_score_display_settings       [   0.02252] Score is : 897
display  D   display_settings.c:212  debug_display_settings           [   0.02254] color: 32 (rgba 8880), depth: 24, stencil: 0, acc: 0000, samples: 0/0
display  D   display_settings.c:527  _al_score_display_settings       [   0.02256] Score is : 897
display  D   display_settings.c:212  debug_display_settings           [   0.02258] color: 32 (rgba 8880), depth: 16, stencil: 0, acc: 0000, samples: 0/0
display  D   display_settings.c:527  _al_score_display_settings       [   0.02261] Score is : 897
display  D   display_settings.c:212  debug_display_settings           [   0.02263] color: 32 (rgba 8880), depth: 16, stencil: 0, acc: 0000, samples: 0/0
display  D   display_settings.c:527  _al_score_display_settings       [   0.02265] Score is : 897
display  D   display_settings.c:212  debug_display_settings           [   0.02267] color: 16 (rgba 5650), depth: 0, stencil: 0, acc: 0000, samples: 0/0
display  D   display_settings.c:527  _al_score_display_settings       [   0.02270] Score is : 897
display  D   display_settings.c:212  debug_display_settings           [   0.02273] color: 16 (rgba 5650), depth: 0, stencil: 0, acc: 0000, samples: 0/0
display  D   display_settings.c:527  _al_score_display_settings       [   0.02275] Score is : 897
display  D   display_settings.c:212  debug_display_settings           [   0.02296] color: 16 (rgba 5650), depth: 24, stencil: 8, acc: 0000, samples: 0/0
display  D   display_settings.c:527  _al_score_display_settings       [   0.02302] Score is : 897
display  D   display_settings.c:212  debug_display_settings           [   0.02305] color: 16 (rgba 5650), depth: 24, stencil: 8, acc: 0000, samples: 0/0
display  D   display_settings.c:527  _al_score_display_settings       [   0.02307] Score is : 897
display  D   display_settings.c:212  debug_display_settings           [   0.02309] color: 16 (rgba 5650), depth: 24, stencil: 0, acc: 0000, samples: 0/0
display  D   display_settings.c:527  _al_score_display_settings       [   0.02311] Score is : 897
display  D   display_settings.c:212  debug_display_settings           [   0.02313] color: 16 (rgba 5650), depth: 24, stencil: 0, acc: 0000, samples: 0/0
display  D   display_settings.c:527  _al_score_display_settings       [   0.02315] Score is : 897
display  D   display_settings.c:212  debug_display_settings           [   0.02316] color: 16 (rgba 5650), depth: 16, stencil: 0, acc: 0000, samples: 0/0
display  D   display_settings.c:527  _al_score_display_settings       [   0.02318] Score is : 897
display  D   display_settings.c:212  debug_display_settings           [   0.02320] color: 16 (rgba 5650), depth: 16, stencil: 0, acc: 0000, samples: 0/0
display  D   display_settings.c:527  _al_score_display_settings       [   0.02322] Score is : 897
display  D   display_settings.c:212  debug_display_settings           [   0.02324] color: 32 (rgba 8880), depth: 0, stencil: 0, acc: 0000, samples: 0/0
display  D   display_settings.c:398  _al_score_display_settings       [   0.02326] Single Buffer requirement not met.
display  D   display_settings.c:212  debug_display_settings           [   0.02328] color: 32 (rgba 8880), depth: 0, stencil: 0, acc: 0000, samples: 0/0
display  D   display_settings.c:398  _al_score_display_settings       [   0.02330] Single Buffer requirement not met.
display  D   display_settings.c:212  debug_display_settings           [   0.02332] color: 32 (rgba 8880), depth: 24, stencil: 8, acc: 0000, samples: 0/0
display  D   display_settings.c:398  _al_score_display_settings       [   0.02335] Single Buffer requirement not met.
display  D   display_settings.c:212  debug_display_settings           [   0.02337] color: 32 (rgba 8880), depth: 24, stencil: 8, acc: 0000, samples: 0/0
display  D   display_settings.c:398  _al_score_display_settings       [   0.02339] Single Buffer requirement not met.
display  D   display_settings.c:212  debug_display_settings           [   0.02341] color: 32 (rgba 8880), depth: 24, stencil: 0, acc: 0000, samples: 0/0
display  D   display_settings.c:398  _al_score_display_settings       [   0.02344] Single Buffer requirement not met.
display  D   display_settings.c:212  debug_display_settings           [   0.02346] color: 32 (rgba 8880), depth: 24, stencil: 0, acc: 0000, samples: 0/0
display  D   display_settings.c:398  _al_score_display_settings       [   0.02348] Single Buffer requirement not met.
display  D   display_settings.c:212  debug_display_settings           [   0.02351] color: 32 (rgba 8880), depth: 16, stencil: 0, acc: 0000, samples: 0/0
display  D   display_settings.c:398  _al_score_display_settings       [   0.02353] Single Buffer requirement not met.
display  D   display_settings.c:212  debug_display_settings           [   0.02355] color: 32 (rgba 8880), depth: 16, stencil: 0, acc: 0000, samples: 0/0
display  D   display_settings.c:398  _al_score_display_settings       [   0.02357] Single Buffer requirement not met.
display  D   display_settings.c:212  debug_display_settings           [   0.02360] color: 16 (rgba 5650), depth: 0, stencil: 0, acc: 0000, samples: 0/0
display  D   display_settings.c:398  _al_score_display_settings       [   0.02363] Single Buffer requirement not met.
display  D   display_settings.c:212  debug_display_settings           [   0.02365] color: 16 (rgba 5650), depth: 0, stencil: 0, acc: 0000, samples: 0/0
display  D   display_settings.c:398  _al_score_display_settings       [   0.02370] Single Buffer requirement not met.
display  D   display_settings.c:212  debug_display_settings           [   0.02373] color: 16 (rgba 5650), depth: 24, stencil: 8, acc: 0000, samples: 0/0
display  D   display_settings.c:398  _al_score_display_settings       [   0.02376] Single Buffer requirement not met.
display  D   display_settings.c:212  debug_display_settings           [   0.02378] color: 16 (rgba 5650), depth: 24, stencil: 8, acc: 0000, samples: 0/0
display  D   display_settings.c:398  _al_score_display_settings       [   0.02381] Single Buffer requirement not met.
display  D   display_settings.c:212  debug_display_settings           [   0.02382] color: 16 (rgba 5650), depth: 24, stencil: 0, acc: 0000, samples: 0/0
display  D   display_settings.c:398  _al_score_display_settings       [   0.02384] Single Buffer requirement not met.
display  D   display_settings.c:212  debug_display_settings           [   0.02386] color: 16 (rgba 5650), depth: 24, stencil: 0, acc: 0000, samples: 0/0
display  D   display_settings.c:398  _al_score_display_settings       [   0.02396] Single Buffer requirement not met.
display  D   display_settings.c:212  debug_display_settings           [   0.02400] color: 16 (rgba 5650), depth: 16, stencil: 0, acc: 0000, samples: 0/0
display  D   display_settings.c:398  _al_score_display_settings       [   0.02403] Single Buffer requirement not met.
display  D   display_settings.c:212  debug_display_settings           [   0.02405] color: 16 (rgba 5650), depth: 16, stencil: 0, acc: 0000, samples: 0/0
display  D   display_settings.c:398  _al_score_display_settings       [   0.02407] Single Buffer requirement not met.
display  D   display_settings.c:212  debug_display_settings           [   0.02409] color: 32 (rgba 8880), depth: 0, stencil: 0, acc: 0000, samples: 0/0
display  D   display_settings.c:527  _al_score_display_settings       [   0.02412] Score is : 769
display  D   display_settings.c:212  debug_display_settings           [   0.02414] color: 32 (rgba 8880), depth: 0, stencil: 0, acc: 0000, samples: 0/0
display  D   display_settings.c:527  _al_score_display_settings       [   0.02416] Score is : 769
display  D   display_settings.c:212  debug_display_settings           [   0.02418] color: 32 (rgba 8880), depth: 24, stencil: 8, acc: 0000, samples: 0/0
display  D   display_settings.c:527  _al_score_display_settings       [   0.02420] Score is : 769
display  D   display_settings.c:212  debug_display_settings           [   0.02422] color: 32 (rgba 8880), depth: 24, stencil: 8, acc: 0000, samples: 0/0
display  D   display_settings.c:527  _al_score_display_settings       [   0.02424] Score is : 769
display  D   display_settings.c:212  debug_display_settings           [   0.02425] color: 32 (rgba 8880), depth: 24, stencil: 0, acc: 0000, samples: 0/0
display  D   display_settings.c:527  _al_score_display_settings       [   0.02427] Score is : 769
display  D   display_settings.c:212  debug_display_settings           [   0.02429] color: 32 (rgba 8880), depth: 24, stencil: 0, acc: 0000, samples: 0/0
display  D   display_settings.c:527  _al_score_display_settings       [   0.02430] Score is : 769
display  D   display_settings.c:212  debug_display_settings           [   0.02432] color: 32 (rgba 8880), depth: 16, stencil: 0, acc: 0000, samples: 0/0
display  D   display_settings.c:527  _al_score_display_settings       [   0.02434] Score is : 769
display  D   display_settings.c:212  debug_display_settings           [   0.02435] color: 32 (rgba 8880), depth: 16, stencil: 0, acc: 0000, samples: 0/0
display  D   display_settings.c:527  _al_score_display_settings       [   0.02437] Score is : 769
display  D   display_settings.c:212  debug_display_settings           [   0.02439] color: 16 (rgba 5650), depth: 0, stencil: 0, acc: 0000, samples: 0/0
display  D   display_settings.c:527  _al_score_display_settings       [   0.02441] Score is : 769
display  D   display_settings.c:212  debug_display_settings           [   0.02443] color: 16 (rgba 5650), depth: 0, stencil: 0, acc: 0000, samples: 0/0
display  D   display_settings.c:527  _al_score_display_settings       [   0.02445] Score is : 769
display  D   display_settings.c:212  debug_display_settings           [   0.02447] color: 16 (rgba 5650), depth: 24, stencil: 8, acc: 0000, samples: 0/0
display  D   display_settings.c:527  _al_score_display_settings       [   0.02449] Score is : 769
display  D   display_settings.c:212  debug_display_settings           [   0.02451] color: 16 (rgba 5650), depth: 24, stencil: 8, acc: 0000, samples: 0/0
display  D   display_settings.c:527  _al_score_display_settings       [   0.02453] Score is : 769
display  D   display_settings.c:212  debug_display_settings           [   0.02455] color: 16 (rgba 5650), depth: 24, stencil: 0, acc: 0000, samples: 0/0
display  D   display_settings.c:527  _al_score_display_settings       [   0.02457] Score is : 769
display  D   display_settings.c:212  debug_display_settings           [   0.02459] color: 16 (rgba 5650), depth: 24, stencil: 0, acc: 0000, samples: 0/0
display  D   display_settings.c:527  _al_score_display_settings       [   0.02461] Score is : 769
display  D   display_settings.c:212  debug_display_settings           [   0.02463] color: 16 (rgba 5650), depth: 16, stencil: 0, acc: 0000, samples: 0/0
display  D   display_settings.c:527  _al_score_display_settings       [   0.02465] Score is : 769
display  D   display_settings.c:212  debug_display_settings           [   0.02466] color: 16 (rgba 5650), depth: 16, stencil: 0, acc: 0000, samples: 0/0
display  D   display_settings.c:527  _al_score_display_settings       [   0.02468] Score is : 769
display  D   display_settings.c:212  debug_display_settings           [   0.02470] color: 32 (rgba 8880), depth: 0, stencil: 0, acc: 0000, samples: 0/0
display  D   display_settings.c:398  _al_score_display_settings       [   0.02472] Single Buffer requirement not met.
display  D   display_settings.c:212  debug_display_settings           [   0.02476] color: 32 (rgba 8880), depth: 0, stencil: 0, acc: 0000, samples: 0/0
display  D   display_settings.c:398  _al_score_display_settings       [   0.02478] Single Buffer requirement not met.
display  D   display_settings.c:212  debug_display_settings           [   0.02480] color: 32 (rgba 8880), depth: 24, stencil: 8, acc: 0000, samples: 0/0
display  D   display_settings.c:398  _al_score_display_settings       [   0.02481] Single Buffer requirement not met.
display  D   display_settings.c:212  debug_display_settings           [   0.02483] color: 32 (rgba 8880), depth: 24, stencil: 8, acc: 0000, samples: 0/0
display  D   display_settings.c:398  _al_score_display_settings       [   0.02485] Single Buffer requirement not met.
display  D   display_settings.c:212  debug_display_settings           [   0.02487] color: 32 (rgba 8880), depth: 24, stencil: 0, acc: 0000, samples: 0/0
display  D   display_settings.c:398  _al_score_display_settings       [   0.02489] Single Buffer requirement not met.
display  D   display_settings.c:212  debug_display_settings           [   0.02490] color: 32 (rgba 8880), depth: 24, stencil: 0, acc: 0000, samples: 0/0
display  D   display_settings.c:398  _al_score_display_settings       [   0.02492] Single Buffer requirement not met.
display  D   display_settings.c:212  debug_display_settings           [   0.02500] color: 32 (rgba 8880), depth: 16, stencil: 0, acc: 0000, samples: 0/0
display  D   display_settings.c:398  _al_score_display_settings       [   0.02503] Single Buffer requirement not met.
display  D   display_settings.c:212  debug_display_settings           [   0.02505] color: 32 (rgba 8880), depth: 16, stencil: 0, acc: 0000, samples: 0/0
display  D   display_settings.c:398  _al_score_display_settings       [   0.02507] Single Buffer requirement not met.
display  D   display_settings.c:212  debug_display_settings           [   0.02509] color: 16 (rgba 5650), depth: 0, stencil: 0, acc: 0000, samples: 0/0
display  D   display_settings.c:398  _al_score_display_settings       [   0.02511] Single Buffer requirement not met.
display  D   display_settings.c:212  debug_display_settings           [   0.02527] color: 16 (rgba 5650), depth: 0, stencil: 0, acc: 0000, samples: 0/0
display  D   display_settings.c:398  _al_score_display_settings       [   0.02530] Single Buffer requirement not met.
display  D   display_settings.c:212  debug_display_settings           [   0.02532] color: 16 (rgba 5650), depth: 24, stencil: 8, acc: 0000, samples: 0/0
display  D   display_settings.c:398  _al_score_display_settings       [   0.02534] Single Buffer requirement not met.
display  D   display_settings.c:212  debug_display_settings           [   0.02536] color: 16 (rgba 5650), depth: 24, stencil: 8, acc: 0000, samples: 0/0
display  D   display_settings.c:398  _al_score_display_settings       [   0.02538] Single Buffer requirement not met.
display  D   display_settings.c:212  debug_display_settings           [   0.02539] color: 16 (rgba 5650), depth: 24, stencil: 0, acc: 0000, samples: 0/0
display  D   display_settings.c:398  _al_score_display_settings       [   0.02541] Single Buffer requirement not met.
display  D   display_settings.c:212  debug_display_settings           [   0.02543] color: 16 (rgba 5650), depth: 24, stencil: 0, acc: 0000, samples: 0/0
display  D   display_settings.c:398  _al_score_display_settings       [   0.02545] Single Buffer requirement not met.
display  D   display_settings.c:212  debug_display_settings           [   0.02547] color: 16 (rgba 5650), depth: 16, stencil: 0, acc: 0000, samples: 0/0
display  D   display_settings.c:398  _al_score_display_settings       [   0.02549] Single Buffer requirement not met.
display  D   display_settings.c:212  debug_display_settings           [   0.02550] color: 16 (rgba 5650), depth: 16, stencil: 0, acc: 0000, samples: 0/0
display  D   display_settings.c:398  _al_score_display_settings       [   0.02552] Single Buffer requirement not met.
d3d      D         d3d_disp.cpp:1682 d3d_create_display_internals     [   0.02554] Trying format 0.
d3d      I         d3d_disp.cpp:1358 d3d_display_thread_proc          [   0.02589] Chose a display format: 23
d3d      I         d3d_disp.cpp:1427 d3d_display_thread_proc          [   0.02595] Normal window.
d3d      I         d3d_disp.cpp:791  d3d_create_device                [   0.05945] Using no depth stencil buffer
d3d      D         d3d_disp.cpp:853  d3d_create_device                [   0.08169] BeginScene succeeded in create_device
d3d      D         d3d_disp.cpp:861  d3d_create_device                [   0.08174] Success
d3d      D         d3d_disp.cpp:1705 d3d_create_display_internals     [   0.08181] Resumed after wait.
d3d      I         d3d_disp.cpp:1738 d3d_create_display_internals     [   0.08185] Format 0 succeeded.
d3d      D         d3d_disp.cpp:1769 d3d_create_display_internals     [   0.08188] Returning d3d_display: 0000000002796910
d3d      D         d3d_disp.cpp:1794 d3d_create_display_locked        [   0.08191] al_display=0000000002796910
d3d      D         d3d_disp.cpp:1795 d3d_create_display_locked        [   0.08192] al_display->vt=00000000027967a0
system   D            wsystem.c:874  _al_win_safe_load_library        [   0.08256] PathFindOnPath found: C:\WINDOWS\system32\d3dx9_43.dll
system   D            wsystem.c:780  load_library_at_path             [   0.08259] Calling LoadLibrary C:\WINDOWS\system32\d3dx9_43.dll
system   I            wsystem.c:783  load_library_at_path             [   0.08310] Loaded C:\WINDOWS\system32\d3dx9_43.dll
d3dx9    I        d3d_d3dx9.cpp:88   _imp_load_d3dx9_module_version   [   0.08313] Module "d3dx9_43.dll" loaded.
dtor     D               dtor.c:196  _al_register_destructor          [   0.08318] added dtor for queue 00000000027a5e90, func 00007ffe3480c5dc
dtor     D               dtor.c:196  _al_register_destructor          [   0.08320] added dtor for timer 00000000027a0900, func 00007ffe3481fb3b
audio-dsound I           dsound.cpp:271  _dsound_open                     [   0.08333] Starting DirectSound...
audio-dsound D           dsound.cpp:280  _dsound_open                     [   0.13265] DirectSoundCreate8 succeeded
audio-dsound I           dsound.cpp:73   get_window                       [   0.13270] Using desktop window: 0000000000010010
audio    I              audio.c:347  do_install_audio                 [   0.13280] Using DirectSound driver
stdio    D         file_stdio.c:110  file_stdio_fopen                 [   0.13283] opening ./font/Beauty Dream.ttf rb
font     D                ttf.c:943  al_load_ttf_font_stretch_f       [   0.13321] Font ./font/Beauty Dream.ttf loaded with pixel size 0 x 12.
font     D                ttf.c:945  al_load_ttf_font_stretch_f       [   0.13324]     ascent=15.0, descent=-10.0, height=24.0
dtor     D               dtor.c:196  _al_register_destructor          [   0.13326] added dtor for ttf_font 00000000027a5630, func 00007ffe34904c05
stdio    D         file_stdio.c:110  file_stdio_fopen                 [   0.13529] opening ./Status/love.png rb
stdio    D         file_stdio.c:110  file_stdio_fopen                 [   0.13544] opening ./Status/love.png rb
d3d      D         d3d_disp.cpp:1202 real_choose_bitmap_format        [   0.13558] Fake format
d3d      D         d3d_disp.cpp:1202 real_choose_bitmap_format        [   0.13561] Fake format
d3d      D         d3d_disp.cpp:1202 real_choose_bitmap_format        [   0.13562] Fake format
d3d      D         d3d_disp.cpp:1202 real_choose_bitmap_format        [   0.13564] Fake format
d3d      D         d3d_disp.cpp:1202 real_choose_bitmap_format        [   0.13565] Fake format
d3d      D         d3d_disp.cpp:1202 real_choose_bitmap_format        [   0.13567] Fake format
d3d      D         d3d_disp.cpp:1202 real_choose_bitmap_format        [   0.13568] Fake format
d3d      D         d3d_disp.cpp:1202 real_choose_bitmap_format        [   0.13570] Fake format
d3d      D         d3d_disp.cpp:1202 real_choose_bitmap_format        [   0.13571] Fake format
d3d      D         d3d_disp.cpp:1210 real_choose_bitmap_format        [   0.13573] Alpha doesn't match
d3d      D         d3d_disp.cpp:1217 real_choose_bitmap_format        [   0.13574] Adapter format is 23
d3d      D         d3d_disp.cpp:1220 real_choose_bitmap_format        [   0.13576] Found a format
d3d      I         d3d_disp.cpp:2391 d3d_create_bitmap                [   0.13577] Chose bitmap format 9
dtor     D               dtor.c:196  _al_register_destructor          [   0.13591] added dtor for bitmap 00000000027af2e0, func 00007ffe347e1bea
stdio    D         file_stdio.c:110  file_stdio_fopen                 [   0.13614] opening ./font/Cute Letters.ttf rb
font     D                ttf.c:943  al_load_ttf_font_stretch_f       [   0.13633] Font ./font/Cute Letters.ttf loaded with pixel size 0 x 28.
font     D                ttf.c:945  al_load_ttf_font_stretch_f       [   0.13635]     ascent=23.0, descent=-1.0, height=32.0
dtor     D               dtor.c:196  _al_register_destructor          [   0.13637] added dtor for ttf_font 00000000027a5d20, func 00007ffe34904c05
stdio    D         file_stdio.c:110  file_stdio_fopen                 [   0.13639] opening ./Shop/shop.png rb
stdio    D         file_stdio.c:110  file_stdio_fopen                 [   0.13649] opening ./Shop/shop.png rb
d3d      D         d3d_disp.cpp:1202 real_choose_bitmap_format        [   0.13656] Fake format
d3d      D         d3d_disp.cpp:1202 real_choose_bitmap_format        [   0.13658] Fake format
d3d      D         d3d_disp.cpp:1202 real_choose_bitmap_format        [   0.13660] Fake format
d3d      D         d3d_disp.cpp:1202 real_choose_bitmap_format        [   0.13662] Fake format
d3d      D         d3d_disp.cpp:1202 real_choose_bitmap_format        [   0.13663] Fake format
d3d      D         d3d_disp.cpp:1202 real_choose_bitmap_format        [   0.13665] Fake format
d3d      D         d3d_disp.cpp:1202 real_choose_bitmap_format        [   0.13666] Fake format
d3d      D         d3d_disp.cpp:1202 real_choose_bitmap_format        [   0.13668] Fake format
d3d      D         d3d_disp.cpp:1202 real_choose_bitmap_format        [   0.13670] Fake format
d3d      D         d3d_disp.cpp:1210 real_choose_bitmap_format        [   0.13671] Alpha doesn't match
d3d      D         d3d_disp.cpp:1217 real_choose_bitmap_format        [   0.13673] Adapter format is 23
d3d      D         d3d_disp.cpp:1220 real_choose_bitmap_format        [   0.13675] Found a format
d3d      I         d3d_disp.cpp:2391 d3d_create_bitmap                [   0.13676] Chose bitmap format 9
dtor     D               dtor.c:196  _al_register_destructor          [   0.13691] added dtor for bitmap 00000000027b1730, func 00007ffe347e1bea
stdio    D         file_stdio.c:110  file_stdio_fopen                 [   0.13768] opening ./font/Cute Letters.ttf rb
font     D                ttf.c:943  al_load_ttf_font_stretch_f       [   0.13787] Font ./font/Cute Letters.ttf loaded with pixel size 0 x 36.
font     D                ttf.c:945  al_load_ttf_font_stretch_f       [   0.13789]     ascent=29.0, descent=-1.0, height=41.0
dtor     D               dtor.c:196  _al_register_destructor          [   0.13791] added dtor for ttf_font 00000000027a5d50, func 00007ffe34904c05
d3d      D         d3d_disp.cpp:1202 real_choose_bitmap_format        [   0.13913] Fake format
d3d      D         d3d_disp.cpp:1202 real_choose_bitmap_format        [   0.13945] Fake format
d3d      D         d3d_disp.cpp:1202 real_choose_bitmap_format        [   0.13957] Fake format
d3d      D         d3d_disp.cpp:1202 real_choose_bitmap_format        [   0.13965] Fake format
d3d      D         d3d_disp.cpp:1202 real_choose_bitmap_format        [   0.13974] Fake format
d3d      D         d3d_disp.cpp:1202 real_choose_bitmap_format        [   0.13979] Fake format
d3d      D         d3d_disp.cpp:1202 real_choose_bitmap_format        [   0.13982] Fake format
d3d      D         d3d_disp.cpp:1202 real_choose_bitmap_format        [   0.13985] Fake format
d3d      D         d3d_disp.cpp:1202 real_choose_bitmap_format        [   0.13987] Fake format
d3d      D         d3d_disp.cpp:1210 real_choose_bitmap_format        [   0.13989] Alpha doesn't match
d3d      D         d3d_disp.cpp:1217 real_choose_bitmap_format        [   0.13992] Adapter format is 23
d3d      D         d3d_disp.cpp:1220 real_choose_bitmap_format        [   0.13996] Found a format
d3d      I         d3d_disp.cpp:2391 d3d_create_bitmap                [   0.14000] Chose bitmap format 9
font     D                ttf.c:243  alloc_glyph_region               [   0.14089] Glyph 54: 11x19 (12x20)
font     D                ttf.c:287  alloc_glyph_region               [   0.14108] Locking glyph region: 00000000027e7880 0 0 12 20
font     D                ttf.c:167  unlock_current_page              [   0.14783] Unlocking page: 00000000027e7880
font     D                ttf.c:446  cache_glyph                      [   0.14792] Glyph 3 has zero size.
font     D                ttf.c:243  alloc_glyph_region               [   0.14799] Glyph 38: 11x19 (12x20)
font     D                ttf.c:287  alloc_glyph_region               [   0.14801] Locking glyph region: 00000000027e7880 12 0 12 20
font     D                ttf.c:167  unlock_current_page              [   0.14804] Unlocking page: 00000000027e7880
font     D                ttf.c:243  alloc_glyph_region               [   0.14811] Glyph 50: 13x19 (16x20)
font     D                ttf.c:287  alloc_glyph_region               [   0.14813] Locking glyph region: 00000000027e7880 24 0 16 20
font     D                ttf.c:167  unlock_current_page              [   0.14816] Unlocking page: 00000000027e7880
font     D                ttf.c:243  alloc_glyph_region               [   0.14823] Glyph 53: 13x19 (16x20)
font     D                ttf.c:287  alloc_glyph_region               [   0.14824] Locking glyph region: 00000000027e7880 40 0 16 20
font     D                ttf.c:167  unlock_current_page              [   0.14827] Unlocking page: 00000000027e7880
font     D                ttf.c:243  alloc_glyph_region               [   0.14833] Glyph 40: 12x19 (12x20)
font     D                ttf.c:287  alloc_glyph_region               [   0.14836] Locking glyph region: 00000000027e7880 56 0 12 20
font     D                ttf.c:167  unlock_current_page              [   0.14839] Unlocking page: 00000000027e7880
font     D                ttf.c:243  alloc_glyph_region               [   0.14843] Glyph 29: 7x11 (8x12)
font     D                ttf.c:287  alloc_glyph_region               [   0.14845] Locking glyph region: 00000000027e7880 68 0 8 12
font     D                ttf.c:167  unlock_current_page              [   0.14847] Unlocking page: 00000000027e7880
font     D                ttf.c:243  alloc_glyph_region               [   0.14852] Glyph 20: 6x19 (8x20)
font     D                ttf.c:287  alloc_glyph_region               [   0.14854] Locking glyph region: 00000000027e7880 76 0 8 20
font     D                ttf.c:167  unlock_current_page              [   0.14856] Unlocking page: 00000000027e7880
font     D                ttf.c:243  alloc_glyph_region               [   0.14862] Glyph 19: 14x19 (16x20)
font     D                ttf.c:287  alloc_glyph_region               [   0.14864] Locking glyph region: 00000000027e7880 84 0 16 20
font     D                ttf.c:167  unlock_current_page              [   0.14867] Unlocking page: 00000000027e7880
font     D                ttf.c:243  alloc_glyph_region               [   0.14874] Glyph 44: 11x19 (12x20)
font     D                ttf.c:287  alloc_glyph_region               [   0.14876] Locking glyph region: 00000000027e7880 100 0 12 20
font     D                ttf.c:167  unlock_current_page              [   0.14884] Unlocking page: 00000000027e7880
font     D                ttf.c:243  alloc_glyph_region               [   0.14891] Glyph 49: 13x19 (16x20)
font     D                ttf.c:287  alloc_glyph_region               [   0.14892] Locking glyph region: 00000000027e7880 112 0 16 20
font     D                ttf.c:167  unlock_current_page              [   0.14895] Unlocking page: 00000000027e7880
font     D                ttf.c:243  alloc_glyph_region               [   0.14902] Glyph 41: 10x19 (12x20)
font     D                ttf.c:287  alloc_glyph_region               [   0.14904] Locking glyph region: 00000000027e7880 128 0 12 20
font     D                ttf.c:167  unlock_current_page              [   0.14913] Unlocking page: 00000000027e7880
font     D                ttf.c:243  alloc_glyph_region               [   0.14920] Glyph 39: 12x19 (12x20)
font     D                ttf.c:287  alloc_glyph_region               [   0.14922] Locking glyph region: 00000000027e7880 140 0 12 20
font     D                ttf.c:167  unlock_current_page              [   0.14932] Unlocking page: 00000000027e7880
d3d      D          d3d_bmp.cpp:539  _al_d3d_sync_bitmap              [   0.15152] _al_d3d_sync_bitmap (system) ref count == 1
d3d      D          d3d_bmp.cpp:545  _al_d3d_sync_bitmap              [   0.15157] _al_d3d_sync_bitmap (video) ref count == 1
d3d      D          d3d_bmp.cpp:539  _al_d3d_sync_bitmap              [   0.15226] _al_d3d_sync_bitmap (system) ref count == 1
d3d      D          d3d_bmp.cpp:545  _al_d3d_sync_bitmap              [   0.15231] _al_d3d_sync_bitmap (video) ref count == 1
d3d      D          d3d_bmp.cpp:539  _al_d3d_sync_bitmap              [   0.15312] _al_d3d_sync_bitmap (system) ref count == 1
d3d      D          d3d_bmp.cpp:545  _al_d3d_sync_bitmap              [   0.15314] _al_d3d_sync_bitmap (video) ref count == 1
d3d      D         d3d_disp.cpp:1202 real_choose_bitmap_format        [   2.29080] Fake format
d3d      D         d3d_disp.cpp:1202 real_choose_bitmap_format        [   2.29085] Fake format
d3d      D         d3d_disp.cpp:1202 real_choose_bitmap_format        [   2.29087] Fake format
d3d      D         d3d_disp.cpp:1202 real_choose_bitmap_format        [   2.29089] Fake format
d3d      D         d3d_disp.cpp:1202 real_choose_bitmap_format        [   2.29090] Fake format
d3d      D         d3d_disp.cpp:1202 real_choose_bitmap_format        [   2.29092] Fake format
d3d      D         d3d_disp.cpp:1202 real_choose_bitmap_format        [   2.29101] Fake format
d3d      D         d3d_disp.cpp:1202 real_choose_bitmap_format        [   2.29104] Fake format
d3d      D         d3d_disp.cpp:1202 real_choose_bitmap_format        [   2.29107] Fake format
d3d      D         d3d_disp.cpp:1210 real_choose_bitmap_format        [   2.29109] Alpha doesn't match
d3d      D         d3d_disp.cpp:1217 real_choose_bitmap_format        [   2.29112] Adapter format is 23
d3d      D         d3d_disp.cpp:1220 real_choose_bitmap_format        [   2.29115] Found a format
d3d      I         d3d_disp.cpp:2391 d3d_create_bitmap                [   2.29117] Chose bitmap format 9
font     D                ttf.c:243  alloc_glyph_region               [   2.29321] Glyph 42: 15x22 (16x24)
font     D                ttf.c:287  alloc_glyph_region               [   2.29328] Locking glyph region: 00000000027e8ef0 0 0 16 24
font     D                ttf.c:167  unlock_current_page              [   2.29491] Unlocking page: 00000000027e8ef0
font     D                ttf.c:446  cache_glyph                      [   2.29508] Glyph 3 has zero size.
font     D                ttf.c:243  alloc_glyph_region               [   2.29517] Glyph 40: 14x22 (16x24)
font     D                ttf.c:287  alloc_glyph_region               [   2.29519] Locking glyph region: 00000000027e8ef0 16 0 16 24
font     D                ttf.c:167  unlock_current_page              [   2.29525] Unlocking page: 00000000027e8ef0
font     D                ttf.c:243  alloc_glyph_region               [   2.29531] Glyph 55: 15x22 (16x24)
font     D                ttf.c:287  alloc_glyph_region               [   2.29533] Locking glyph region: 00000000027e8ef0 32 0 16 24
font     D                ttf.c:167  unlock_current_page              [   2.29537] Unlocking page: 00000000027e8ef0
font     D                ttf.c:243  alloc_glyph_region               [   2.29543] Glyph 38: 14x22 (16x24)
font     D                ttf.c:287  alloc_glyph_region               [   2.29545] Locking glyph region: 00000000027e8ef0 48 0 16 24
font     D                ttf.c:167  unlock_current_page              [   2.29548] Unlocking page: 00000000027e8ef0
font     D                ttf.c:243  alloc_glyph_region               [   2.29553] Glyph 36: 18x22 (20x24)
font     D                ttf.c:287  alloc_glyph_region               [   2.29555] Locking glyph region: 00000000027e8ef0 64 0 20 24
font     D                ttf.c:167  unlock_current_page              [   2.29558] Unlocking page: 00000000027e8ef0
font     D                ttf.c:243  alloc_glyph_region               [   2.29570] Glyph 37: 15x22 (16x24)
font     D                ttf.c:287  alloc_glyph_region               [   2.29572] Locking glyph region: 00000000027e8ef0 84 0 16 24
font     D                ttf.c:167  unlock_current_page              [   2.29584] Unlocking page: 00000000027e8ef0
font     D                ttf.c:243  alloc_glyph_region               [   2.29590] Glyph 56: 16x22 (16x24)
font     D                ttf.c:287  alloc_glyph_region               [   2.29592] Locking glyph region: 00000000027e8ef0 100 0 16 24
font     D                ttf.c:167  unlock_current_page              [   2.29595] Unlocking page: 00000000027e8ef0
font     D                ttf.c:243  alloc_glyph_region               [   2.29600] Glyph 60: 19x22 (20x24)
font     D                ttf.c:287  alloc_glyph_region               [   2.29602] Locking glyph region: 00000000027e8ef0 116 0 20 24
font     D                ttf.c:167  unlock_current_page              [   2.29605] Unlocking page: 00000000027e8ef0
font     D                ttf.c:243  alloc_glyph_region               [   2.29611] Glyph 41: 13x22 (16x24)
font     D                ttf.c:287  alloc_glyph_region               [   2.29612] Locking glyph region: 00000000027e8ef0 136 0 16 24
font     D                ttf.c:167  unlock_current_page              [   2.29615] Unlocking page: 00000000027e8ef0
font     D                ttf.c:243  alloc_glyph_region               [   2.29621] Glyph 50: 16x22 (16x24)
font     D                ttf.c:287  alloc_glyph_region               [   2.29632] Locking glyph region: 00000000027e8ef0 152 0 16 24
font     D                ttf.c:167  unlock_current_page              [   2.29636] Unlocking page: 00000000027e8ef0
font     D                ttf.c:243  alloc_glyph_region               [   2.29642] Glyph 39: 15x22 (16x24)
font     D                ttf.c:287  alloc_glyph_region               [   2.29644] Locking glyph region: 00000000027e8ef0 168 0 16 24
font     D                ttf.c:167  unlock_current_page              [   2.29646] Unlocking page: 00000000027e8ef0
font     D                ttf.c:243  alloc_glyph_region               [   2.29655] Glyph 58: 22x22 (24x24)
font     D                ttf.c:287  alloc_glyph_region               [   2.29657] Locking glyph region: 00000000027e8ef0 184 0 24 24
font     D                ttf.c:167  unlock_current_page              [   2.29671] Unlocking page: 00000000027e8ef0
font     D                ttf.c:243  alloc_glyph_region               [   2.29678] Glyph 43: 15x22 (16x24)
font     D                ttf.c:287  alloc_glyph_region               [   2.29680] Locking glyph region: 00000000027e8ef0 208 0 16 24
font     D                ttf.c:167  unlock_current_page              [   2.29682] Unlocking page: 00000000027e8ef0
d3d      D          d3d_bmp.cpp:539  _al_d3d_sync_bitmap              [   2.29742] _al_d3d_sync_bitmap (system) ref count == 1
d3d      D          d3d_bmp.cpp:545  _al_d3d_sync_bitmap              [   2.29748] _al_d3d_sync_bitmap (video) ref count == 1
d3d      I         d3d_disp.cpp:1782 d3d_create_display_locked        [   3.67513] faux_fullscreen=0
d3d      D         d3d_disp.cpp:1783 d3d_create_display_locked        [   3.67519] al_display=00000000027f1cc0
d3d      D         d3d_disp.cpp:1784 d3d_create_display_locked        [   3.67521] al_display->vt=00000000027967a0
d3d      I d3d_display_formats.cpp:144  _al_d3d_generate_display_format_list [   3.67525] found 64 format combinations
display  D   display_settings.c:212  debug_display_settings           [   3.67527] color: 32 (rgba 8880), depth: 0, stencil: 0, acc: 0000, samples: 0/0
display  D   display_settings.c:527  _al_score_display_settings       [   3.67529] Score is : 897
display  D   display_settings.c:212  debug_display_settings           [   3.67530] color: 32 (rgba 8880), depth: 0, stencil: 0, acc: 0000, samples: 0/0
display  D   display_settings.c:527  _al_score_display_settings       [   3.67532] Score is : 897
display  D   display_settings.c:212  debug_display_settings           [   3.67534] color: 32 (rgba 8880), depth: 24, stencil: 8, acc: 0000, samples: 0/0
display  D   display_settings.c:527  _al_score_display_settings       [   3.67535] Score is : 897
display  D   display_settings.c:212  debug_display_settings           [   3.67537] color: 32 (rgba 8880), depth: 24, stencil: 8, acc: 0000, samples: 0/0
display  D   display_settings.c:527  _al_score_display_settings       [   3.67538] Score is : 897
display  D   display_settings.c:212  debug_display_settings           [   3.67540] color: 32 (rgba 8880), depth: 24, stencil: 0, acc: 0000, samples: 0/0
display  D   display_settings.c:527  _al_score_display_settings       [   3.67541] Score is : 897
display  D   display_settings.c:212  debug_display_settings           [   3.67543] color: 32 (rgba 8880), depth: 24, stencil: 0, acc: 0000, samples: 0/0
display  D   display_settings.c:527  _al_score_display_settings       [   3.67544] Score is : 897
display  D   display_settings.c:212  debug_display_settings           [   3.67546] color: 32 (rgba 8880), depth: 16, stencil: 0, acc: 0000, samples: 0/0
display  D   display_settings.c:527  _al_score_display_settings       [   3.67548] Score is : 897
display  D   display_settings.c:212  debug_display_settings           [   3.67549] color: 32 (rgba 8880), depth: 16, stencil: 0, acc: 0000, samples: 0/0
display  D   display_settings.c:527  _al_score_display_settings       [   3.67551] Score is : 897
display  D   display_settings.c:212  debug_display_settings           [   3.67552] color: 16 (rgba 5650), depth: 0, stencil: 0, acc: 0000, samples: 0/0
display  D   display_settings.c:527  _al_score_display_settings       [   3.67554] Score is : 897
display  D   display_settings.c:212  debug_display_settings           [   3.67556] color: 16 (rgba 5650), depth: 0, stencil: 0, acc: 0000, samples: 0/0
display  D   display_settings.c:527  _al_score_display_settings       [   3.67557] Score is : 897
display  D   display_settings.c:212  debug_display_settings           [   3.67559] color: 16 (rgba 5650), depth: 24, stencil: 8, acc: 0000, samples: 0/0
display  D   display_settings.c:527  _al_score_display_settings       [   3.67560] Score is : 897
display  D   display_settings.c:212  debug_display_settings           [   3.67562] color: 16 (rgba 5650), depth: 24, stencil: 8, acc: 0000, samples: 0/0
display  D   display_settings.c:527  _al_score_display_settings       [   3.67564] Score is : 897
display  D   display_settings.c:212  debug_display_settings           [   3.67565] color: 16 (rgba 5650), depth: 24, stencil: 0, acc: 0000, samples: 0/0
display  D   display_settings.c:527  _al_score_display_settings       [   3.67567] Score is : 897
display  D   display_settings.c:212  debug_display_settings           [   3.67568] color: 16 (rgba 5650), depth: 24, stencil: 0, acc: 0000, samples: 0/0
display  D   display_settings.c:527  _al_score_display_settings       [   3.67570] Score is : 897
display  D   display_settings.c:212  debug_display_settings           [   3.67571] color: 16 (rgba 5650), depth: 16, stencil: 0, acc: 0000, samples: 0/0
display  D   display_settings.c:527  _al_score_display_settings       [   3.67573] Score is : 897
display  D   display_settings.c:212  debug_display_settings           [   3.67574] color: 16 (rgba 5650), depth: 16, stencil: 0, acc: 0000, samples: 0/0
display  D   display_settings.c:527  _al_score_display_settings       [   3.67576] Score is : 897
display  D   display_settings.c:212  debug_display_settings           [   3.67577] color: 32 (rgba 8880), depth: 0, stencil: 0, acc: 0000, samples: 0/0
display  D   display_settings.c:398  _al_score_display_settings       [   3.67579] Single Buffer requirement not met.
display  D   display_settings.c:212  debug_display_settings           [   3.67580] color: 32 (rgba 8880), depth: 0, stencil: 0, acc: 0000, samples: 0/0
display  D   display_settings.c:398  _al_score_display_settings       [   3.67582] Single Buffer requirement not met.
display  D   display_settings.c:212  debug_display_settings           [   3.67583] color: 32 (rgba 8880), depth: 24, stencil: 8, acc: 0000, samples: 0/0
display  D   display_settings.c:398  _al_score_display_settings       [   3.67585] Single Buffer requirement not met.
display  D   display_settings.c:212  debug_display_settings           [   3.67587] color: 32 (rgba 8880), depth: 24, stencil: 8, acc: 0000, samples: 0/0
display  D   display_settings.c:398  _al_score_display_settings       [   3.67588] Single Buffer requirement not met.
display  D   display_settings.c:212  debug_display_settings           [   3.67590] color: 32 (rgba 8880), depth: 24, stencil: 0, acc: 0000, samples: 0/0
display  D   display_settings.c:398  _al_score_display_settings       [   3.67591] Single Buffer requirement not met.
display  D   display_settings.c:212  debug_display_settings           [   3.67593] color: 32 (rgba 8880), depth: 24, stencil: 0, acc: 0000, samples: 0/0
display  D   display_settings.c:398  _al_score_display_settings       [   3.67594] Single Buffer requirement not met.
display  D   display_settings.c:212  debug_display_settings           [   3.67596] color: 32 (rgba 8880), depth: 16, stencil: 0, acc: 0000, samples: 0/0
display  D   display_settings.c:398  _al_score_display_settings       [   3.67597] Single Buffer requirement not met.
display  D   display_settings.c:212  debug_display_settings           [   3.67599] color: 32 (rgba 8880), depth: 16, stencil: 0, acc: 0000, samples: 0/0
display  D   display_settings.c:398  _al_score_display_settings       [   3.67601] Single Buffer requirement not met.
display  D   display_settings.c:212  debug_display_settings           [   3.67602] color: 16 (rgba 5650), depth: 0, stencil: 0, acc: 0000, samples: 0/0
display  D   display_settings.c:398  _al_score_display_settings       [   3.67604] Single Buffer requirement not met.
display  D   display_settings.c:212  debug_display_settings           [   3.67605] color: 16 (rgba 5650), depth: 0, stencil: 0, acc: 0000, samples: 0/0
display  D   display_settings.c:398  _al_score_display_settings       [   3.67607] Single Buffer requirement not met.
display  D   display_settings.c:212  debug_display_settings           [   3.67608] color: 16 (rgba 5650), depth: 24, stencil: 8, acc: 0000, samples: 0/0
display  D   display_settings.c:398  _al_score_display_settings       [   3.67610] Single Buffer requirement not met.
display  D   display_settings.c:212  debug_display_settings           [   3.67612] color: 16 (rgba 5650), depth: 24, stencil: 8, acc: 0000, samples: 0/0
display  D   display_settings.c:398  _al_score_display_settings       [   3.67613] Single Buffer requirement not met.
display  D   display_settings.c:212  debug_display_settings           [   3.67615] color: 16 (rgba 5650), depth: 24, stencil: 0, acc: 0000, samples: 0/0
display  D   display_settings.c:398  _al_score_display_settings       [   3.67616] Single Buffer requirement not met.
display  D   display_settings.c:212  debug_display_settings           [   3.67618] color: 16 (rgba 5650), depth: 24, stencil: 0, acc: 0000, samples: 0/0
display  D   display_settings.c:398  _al_score_display_settings       [   3.67620] Single Buffer requirement not met.
display  D   display_settings.c:212  debug_display_settings           [   3.67623] color: 16 (rgba 5650), depth: 16, stencil: 0, acc: 0000, samples: 0/0
display  D   display_settings.c:398  _al_score_display_settings       [   3.67625] Single Buffer requirement not met.
display  D   display_settings.c:212  debug_display_settings           [   3.67626] color: 16 (rgba 5650), depth: 16, stencil: 0, acc: 0000, samples: 0/0
display  D   display_settings.c:398  _al_score_display_settings       [   3.67628] Single Buffer requirement not met.
display  D   display_settings.c:212  debug_display_settings           [   3.67629] color: 32 (rgba 8880), depth: 0, stencil: 0, acc: 0000, samples: 0/0
display  D   display_settings.c:527  _al_score_display_settings       [   3.67631] Score is : 769
display  D   display_settings.c:212  debug_display_settings           [   3.67632] color: 32 (rgba 8880), depth: 0, stencil: 0, acc: 0000, samples: 0/0
display  D   display_settings.c:527  _al_score_display_settings       [   3.67634] Score is : 769
display  D   display_settings.c:212  debug_display_settings           [   3.67635] color: 32 (rgba 8880), depth: 24, stencil: 8, acc: 0000, samples: 0/0
display  D   display_settings.c:527  _al_score_display_settings       [   3.67637] Score is : 769
display  D   display_settings.c:212  debug_display_settings           [   3.67638] color: 32 (rgba 8880), depth: 24, stencil: 8, acc: 0000, samples: 0/0
display  D   display_settings.c:527  _al_score_display_settings       [   3.67640] Score is : 769
display  D   display_settings.c:212  debug_display_settings           [   3.67642] color: 32 (rgba 8880), depth: 24, stencil: 0, acc: 0000, samples: 0/0
display  D   display_settings.c:527  _al_score_display_settings       [   3.67643] Score is : 769
display  D   display_settings.c:212  debug_display_settings           [   3.67645] color: 32 (rgba 8880), depth: 24, stencil: 0, acc: 0000, samples: 0/0
display  D   display_settings.c:527  _al_score_display_settings       [   3.67646] Score is : 769
display  D   display_settings.c:212  debug_display_settings           [   3.67648] color: 32 (rgba 8880), depth: 16, stencil: 0, acc: 0000, samples: 0/0
display  D   display_settings.c:527  _al_score_display_settings       [   3.67649] Score is : 769
display  D   display_settings.c:212  debug_display_settings           [   3.67651] color: 32 (rgba 8880), depth: 16, stencil: 0, acc: 0000, samples: 0/0
display  D   display_settings.c:527  _al_score_display_settings       [   3.67653] Score is : 769
display  D   display_settings.c:212  debug_display_settings           [   3.67654] color: 16 (rgba 5650), depth: 0, stencil: 0, acc: 0000, samples: 0/0
display  D   display_settings.c:527  _al_score_display_settings       [   3.67656] Score is : 769
display  D   display_settings.c:212  debug_display_settings           [   3.67657] color: 16 (rgba 5650), depth: 0, stencil: 0, acc: 0000, samples: 0/0
display  D   display_settings.c:527  _al_score_display_settings       [   3.67659] Score is : 769
display  D   display_settings.c:212  debug_display_settings           [   3.67660] color: 16 (rgba 5650), depth: 24, stencil: 8, acc: 0000, samples: 0/0
display  D   display_settings.c:527  _al_score_display_settings       [   3.67662] Score is : 769
display  D   display_settings.c:212  debug_display_settings           [   3.67663] color: 16 (rgba 5650), depth: 24, stencil: 8, acc: 0000, samples: 0/0
display  D   display_settings.c:527  _al_score_display_settings       [   3.67665] Score is : 769
display  D   display_settings.c:212  debug_display_settings           [   3.67666] color: 16 (rgba 5650), depth: 24, stencil: 0, acc: 0000, samples: 0/0
display  D   display_settings.c:527  _al_score_display_settings       [   3.67668] Score is : 769
display  D   display_settings.c:212  debug_display_settings           [   3.67670] color: 16 (rgba 5650), depth: 24, stencil: 0, acc: 0000, samples: 0/0
display  D   display_settings.c:527  _al_score_display_settings       [   3.67671] Score is : 769
display  D   display_settings.c:212  debug_display_settings           [   3.67673] color: 16 (rgba 5650), depth: 16, stencil: 0, acc: 0000, samples: 0/0
display  D   display_settings.c:527  _al_score_display_settings       [   3.67674] Score is : 769
display  D   display_settings.c:212  debug_display_settings           [   3.67676] color: 16 (rgba 5650), depth: 16, stencil: 0, acc: 0000, samples: 0/0
display  D   display_settings.c:527  _al_score_display_settings       [   3.67677] Score is : 769
display  D   display_settings.c:212  debug_display_settings           [   3.67679] color: 32 (rgba 8880), depth: 0, stencil: 0, acc: 0000, samples: 0/0
display  D   display_settings.c:398  _al_score_display_settings       [   3.67680] Single Buffer requirement not met.
display  D   display_settings.c:212  debug_display_settings           [   3.67682] color: 32 (rgba 8880), depth: 0, stencil: 0, acc: 0000, samples: 0/0
display  D   display_settings.c:398  _al_score_display_settings       [   3.67684] Single Buffer requirement not met.
display  D   display_settings.c:212  debug_display_settings           [   3.67685] color: 32 (rgba 8880), depth: 24, stencil: 8, acc: 0000, samples: 0/0
display  D   display_settings.c:398  _al_score_display_settings       [   3.67687] Single Buffer requirement not met.
display  D   display_settings.c:212  debug_display_settings           [   3.67688] color: 32 (rgba 8880), depth: 24, stencil: 8, acc: 0000, samples: 0/0
display  D   display_settings.c:398  _al_score_display_settings       [   3.67690] Single Buffer requirement not met.
display  D   display_settings.c:212  debug_display_settings           [   3.67691] color: 32 (rgba 8880), depth: 24, stencil: 0, acc: 0000, samples: 0/0
display  D   display_settings.c:398  _al_score_display_settings       [   3.67693] Single Buffer requirement not met.
display  D   display_settings.c:212  debug_display_settings           [   3.67695] color: 32 (rgba 8880), depth: 24, stencil: 0, acc: 0000, samples: 0/0
display  D   display_settings.c:398  _al_score_display_settings       [   3.67696] Single Buffer requirement not met.
display  D   display_settings.c:212  debug_display_settings           [   3.67698] color: 32 (rgba 8880), depth: 16, stencil: 0, acc: 0000, samples: 0/0
display  D   display_settings.c:398  _al_score_display_settings       [   3.67699] Single Buffer requirement not met.
display  D   display_settings.c:212  debug_display_settings           [   3.67701] color: 32 (rgba 8880), depth: 16, stencil: 0, acc: 0000, samples: 0/0
display  D   display_settings.c:398  _al_score_display_settings       [   3.67703] Single Buffer requirement not met.
display  D   display_settings.c:212  debug_display_settings           [   3.67704] color: 16 (rgba 5650), depth: 0, stencil: 0, acc: 0000, samples: 0/0
display  D   display_settings.c:398  _al_score_display_settings       [   3.67706] Single Buffer requirement not met.
display  D   display_settings.c:212  debug_display_settings           [   3.67707] color: 16 (rgba 5650), depth: 0, stencil: 0, acc: 0000, samples: 0/0
display  D   display_settings.c:398  _al_score_display_settings       [   3.67709] Single Buffer requirement not met.
display  D   display_settings.c:212  debug_display_settings           [   3.67710] color: 16 (rgba 5650), depth: 24, stencil: 8, acc: 0000, samples: 0/0
display  D   display_settings.c:398  _al_score_display_settings       [   3.67712] Single Buffer requirement not met.
display  D   display_settings.c:212  debug_display_settings           [   3.67713] color: 16 (rgba 5650), depth: 24, stencil: 8, acc: 0000, samples: 0/0
display  D   display_settings.c:398  _al_score_display_settings       [   3.67715] Single Buffer requirement not met.
display  D   display_settings.c:212  debug_display_settings           [   3.67717] color: 16 (rgba 5650), depth: 24, stencil: 0, acc: 0000, samples: 0/0
display  D   display_settings.c:398  _al_score_display_settings       [   3.67718] Single Buffer requirement not met.
display  D   display_settings.c:212  debug_display_settings           [   3.67720] color: 16 (rgba 5650), depth: 24, stencil: 0, acc: 0000, samples: 0/0
display  D   display_settings.c:398  _al_score_display_settings       [   3.67721] Single Buffer requirement not met.
display  D   display_settings.c:212  debug_display_settings           [   3.67723] color: 16 (rgba 5650), depth: 16, stencil: 0, acc: 0000, samples: 0/0
display  D   display_settings.c:398  _al_score_display_settings       [   3.67724] Single Buffer requirement not met.
display  D   display_settings.c:212  debug_display_settings           [   3.67726] color: 16 (rgba 5650), depth: 16, stencil: 0, acc: 0000, samples: 0/0
display  D   display_settings.c:398  _al_score_display_settings       [   3.67727] Single Buffer requirement not met.
d3d      D         d3d_disp.cpp:1682 d3d_create_display_internals     [   3.67729] Trying format 0.
d3d      I         d3d_disp.cpp:1358 d3d_display_thread_proc          [   3.67759] Chose a display format: 23
d3d      I         d3d_disp.cpp:1427 d3d_display_thread_proc          [   3.67763] Normal window.
d3d      I         d3d_disp.cpp:791  d3d_create_device                [   3.69430] Using no depth stencil buffer
d3d      D         d3d_disp.cpp:853  d3d_create_device                [   3.70501] BeginScene succeeded in create_device
d3d      D         d3d_disp.cpp:861  d3d_create_device                [   3.70507] Success
d3d      D         d3d_disp.cpp:1705 d3d_create_display_internals     [   3.70516] Resumed after wait.
d3d      I         d3d_disp.cpp:1738 d3d_create_display_internals     [   3.70520] Format 0 succeeded.
d3d      D         d3d_disp.cpp:1769 d3d_create_display_internals     [   3.70523] Returning d3d_display: 00000000027f1cc0
d3d      D         d3d_disp.cpp:1794 d3d_create_display_locked        [   3.70525] al_display=00000000027f1cc0
d3d      D         d3d_disp.cpp:1795 d3d_create_display_locked        [   3.70527] al_display->vt=00000000027967a0
dtor     D               dtor.c:196  _al_register_destructor          [   3.70537] added dtor for queue 00000000027f9ae0, func 00007ffe3480c5dc
dtor     D               dtor.c:196  _al_register_destructor          [   3.70540] added dtor for timer 00000000027f9bb0, func 00007ffe3481fb3b
stdio    D         file_stdio.c:110  file_stdio_fopen                 [   3.70885] opening .\Shop\video\6.ogv rb
video    D                ogv.c:458  read_headers                     [   3.70899] Begin reading headers.
video    D                ogv.c:368  try_decode_theora_header         [   3.70908] Found Theora stream.
video    I                ogv.c:407  try_decode_vorbis_header         [   3.70912] Found Vorbis stream.
video    D                ogv.c:513  read_headers                     [   3.71205] End reading headers.
d3d      D         d3d_disp.cpp:1202 real_choose_bitmap_format        [   3.71255] Fake format
d3d      D         d3d_disp.cpp:1202 real_choose_bitmap_format        [   3.71257] Fake format
d3d      D         d3d_disp.cpp:1202 real_choose_bitmap_format        [   3.71259] Fake format
d3d      D         d3d_disp.cpp:1202 real_choose_bitmap_format        [   3.71260] Fake format
d3d      D         d3d_disp.cpp:1202 real_choose_bitmap_format        [   3.71262] Fake format
d3d      D         d3d_disp.cpp:1202 real_choose_bitmap_format        [   3.71263] Fake format
d3d      D         d3d_disp.cpp:1202 real_choose_bitmap_format        [   3.71265] Fake format
d3d      D         d3d_disp.cpp:1202 real_choose_bitmap_format        [   3.71266] Fake format
d3d      D         d3d_disp.cpp:1202 real_choose_bitmap_format        [   3.71268] Fake format
d3d      D         d3d_disp.cpp:1210 real_choose_bitmap_format        [   3.71269] Alpha doesn't match
d3d      D         d3d_disp.cpp:1217 real_choose_bitmap_format        [   3.71271] Adapter format is 23
d3d      D         d3d_disp.cpp:1220 real_choose_bitmap_format        [   3.71272] Found a format
d3d      I         d3d_disp.cpp:2391 d3d_create_bitmap                [   3.71274] Chose bitmap format 9
dtor     D               dtor.c:196  _al_register_destructor          [   3.71293] added dtor for bitmap 0000000002804310, func 00007ffe347e1bea
dtor     D               dtor.c:196  _al_register_destructor          [   3.71296] added dtor for sub_bitmap 0000000002808260, func 00007ffe347e1bea
video    I                ogv.c:760  setup_theora_stream_decode       [   3.71298] Frame size: 544x672
video    I                ogv.c:761  setup_theora_stream_decode       [   3.71300] Picture size: 540x658
video    I                ogv.c:762  setup_theora_stream_decode       [   3.71302] Scaled size: 540.000000x658.000000
video    I                ogv.c:763  setup_theora_stream_decode       [   3.71303] FPS: 24.000000
video    I                ogv.c:764  setup_theora_stream_decode       [   3.71305] Frame_duration: 0.041667
video    I                ogv.c:538  setup_vorbis_stream_decode       [   3.71364] Audio rate: 44100.000000
video    I                ogv.c:539  setup_vorbis_stream_decode       [   3.71368] Audio channels: 2
audio-dsound D           dsound.cpp:311  _dsound_allocate_voice           [   3.71556] Allocating voice
audio-dsound D           dsound.cpp:370  _dsound_allocate_voice           [   3.71561] Allocated voice
dtor     D               dtor.c:196  _al_register_destructor          [   3.71563] added dtor for voice 0000000009b7ae00, func 00007ffe34915024
dtor     D               dtor.c:196  _al_register_destructor          [   3.71565] added dtor for mixer 0000000002833000, func 00007ffe349104dc
audio-dsound D           dsound.cpp:466  _dsound_start_voice              [   3.71567] Starting voice
audio-dsound D           dsound.cpp:494  _dsound_start_voice              [   3.71569] CreateSoundBuffer
audio-dsound D           dsound.cpp:502  _dsound_start_voice              [   3.71753] CreateSoundBuffer succeeded
audio-dsound D           dsound.cpp:508  _dsound_start_voice              [   3.71758] Starting _dsound_update thread
audio-dsound I           dsound.cpp:518  _dsound_start_voice              [   3.71766] Voice started
dtor     D               dtor.c:196  _al_register_destructor          [   3.71769] added dtor for sample_instance 0000000002832df0, func 00007ffe3490929b
audio    D          kcm_mixer.c:121  _al_rechannel_matrix             [   3.71773] sample matrix:
audio    D          kcm_mixer.c:127  _al_rechannel_matrix             [   3.71777] 
audio    D          kcm_mixer.c:127  _al_rechannel_matrix             [   3.71781] 
dtor     D               dtor.c:196  _al_register_destructor          [   3.71793] added dtor for queue 0000000002833370, func 00007ffe3480c5dc
video    D                ogv.c:1000 decode_thread_func               [   3.71804] Thread started.
audio    D          kcm_mixer.c:121  _al_rechannel_matrix             [   3.71814] sample matrix:
audio    D          kcm_mixer.c:127  _al_rechannel_matrix             [   3.71816]  0.707107 0.000000
audio    D          kcm_mixer.c:127  _al_rechannel_matrix             [   3.71818]  0.000000 0.707107
video    D                ogv.c:675  create_audio_stream              [   3.71819] Audio stream ready.
dtor     D               dtor.c:196  _al_register_destructor          [   3.71823] added dtor for timer 0000000002833930, func 00007ffe3481fb3b
video    D                ogv.c:1043 decode_thread_func               [   3.71825] Begin decode loop.
audio    W         kcm_stream.c:644  _al_kcm_refill_stream            [   4.14471] Out of buffers
video    W                ogv.c:697  update_audio_fragment            [   4.14478] Next fragment not ready.
d3d      D          d3d_bmp.cpp:539  _al_d3d_sync_bitmap              [   4.26514] _al_d3d_sync_bitmap (system) ref count == 1
d3d      D          d3d_bmp.cpp:545  _al_d3d_sync_bitmap              [   4.26519] _al_d3d_sync_bitmap (video) ref count == 1
d3d      D          d3d_bmp.cpp:539  _al_d3d_sync_bitmap              [   4.30930] _al_d3d_sync_bitmap (system) ref count == 1
d3d      D          d3d_bmp.cpp:545  _al_d3d_sync_bitmap              [   4.30935] _al_d3d_sync_bitmap (video) ref count == 1
d3d      D          d3d_bmp.cpp:539  _al_d3d_sync_bitmap              [   4.34122] _al_d3d_sync_bitmap (system) ref count == 1
d3d      D          d3d_bmp.cpp:545  _al_d3d_sync_bitmap              [   4.34127] _al_d3d_sync_bitmap (video) ref count == 1
d3d      D          d3d_bmp.cpp:539  _al_d3d_sync_bitmap              [   4.39142] _al_d3d_sync_bitmap (system) ref count == 1
d3d      D          d3d_bmp.cpp:545  _al_d3d_sync_bitmap              [   4.39147] _al_d3d_sync_bitmap (video) ref count == 1
d3d      D          d3d_bmp.cpp:539  _al_d3d_sync_bitmap              [   4.42623] _al_d3d_sync_bitmap (system) ref count == 1
d3d      D          d3d_bmp.cpp:545  _al_d3d_sync_bitmap              [   4.42628] _al_d3d_sync_bitmap (video) ref count == 1
d3d      D          d3d_bmp.cpp:539  _al_d3d_sync_bitmap              [   4.47494] _al_d3d_sync_bitmap (system) ref count == 1
d3d      D          d3d_bmp.cpp:545  _al_d3d_sync_bitmap              [   4.47499] _al_d3d_sync_bitmap (video) ref count == 1
d3d      D          d3d_bmp.cpp:539  _al_d3d_sync_bitmap              [   4.50826] _al_d3d_sync_bitmap (system) ref count == 1
d3d      D          d3d_bmp.cpp:545  _al_d3d_sync_bitmap              [   4.50830] _al_d3d_sync_bitmap (video) ref count == 1
d3d      D          d3d_bmp.cpp:539  _al_d3d_sync_bitmap              [   4.55900] _al_d3d_sync_bitmap (system) ref count == 1
d3d      D          d3d_bmp.cpp:545  _al_d3d_sync_bitmap              [   4.55906] _al_d3d_sync_bitmap (video) ref count == 1
d3d      D          d3d_bmp.cpp:539  _al_d3d_sync_bitmap              [   4.59199] _al_d3d_sync_bitmap (system) ref count == 1
d3d      D          d3d_bmp.cpp:545  _al_d3d_sync_bitmap              [   4.59205] _al_d3d_sync_bitmap (video) ref count == 1
d3d      D          d3d_bmp.cpp:539  _al_d3d_sync_bitmap              [   4.64180] _al_d3d_sync_bitmap (system) ref count == 1
d3d      D          d3d_bmp.cpp:545  _al_d3d_sync_bitmap              [   4.64185] _al_d3d_sync_bitmap (video) ref count == 1
d3d      D          d3d_bmp.cpp:539  _al_d3d_sync_bitmap              [   4.67705] _al_d3d_sync_bitmap (system) ref count == 1
d3d      D          d3d_bmp.cpp:545  _al_d3d_sync_bitmap              [   4.67710] _al_d3d_sync_bitmap (video) ref count == 1
d3d      D          d3d_bmp.cpp:539  _al_d3d_sync_bitmap              [   4.72470] _al_d3d_sync_bitmap (system) ref count == 1
d3d      D          d3d_bmp.cpp:545  _al_d3d_sync_bitmap              [   4.72476] _al_d3d_sync_bitmap (video) ref count == 1
d3d      D          d3d_bmp.cpp:539  _al_d3d_sync_bitmap              [   4.75819] _al_d3d_sync_bitmap (system) ref count == 1
d3d      D          d3d_bmp.cpp:545  _al_d3d_sync_bitmap              [   4.75824] _al_d3d_sync_bitmap (video) ref count == 1
d3d      D          d3d_bmp.cpp:539  _al_d3d_sync_bitmap              [   4.80819] _al_d3d_sync_bitmap (system) ref count == 1
d3d      D          d3d_bmp.cpp:545  _al_d3d_sync_bitmap              [   4.80824] _al_d3d_sync_bitmap (video) ref count == 1
d3d      D          d3d_bmp.cpp:539  _al_d3d_sync_bitmap              [   4.84149] _al_d3d_sync_bitmap (system) ref count == 1
d3d      D          d3d_bmp.cpp:545  _al_d3d_sync_bitmap              [   4.84154] _al_d3d_sync_bitmap (video) ref count == 1
d3d      D          d3d_bmp.cpp:539  _al_d3d_sync_bitmap              [   4.89214] _al_d3d_sync_bitmap (system) ref count == 1
d3d      D          d3d_bmp.cpp:545  _al_d3d_sync_bitmap              [   4.89222] _al_d3d_sync_bitmap (video) ref count == 1
d3d      D          d3d_bmp.cpp:539  _al_d3d_sync_bitmap              [   4.92536] _al_d3d_sync_bitmap (system) ref count == 1
d3d      D          d3d_bmp.cpp:545  _al_d3d_sync_bitmap              [   4.92542] _al_d3d_sync_bitmap (video) ref count == 1
d3d      D          d3d_bmp.cpp:539  _al_d3d_sync_bitmap              [   4.97468] _al_d3d_sync_bitmap (system) ref count == 1
d3d      D          d3d_bmp.cpp:545  _al_d3d_sync_bitmap              [   4.97474] _al_d3d_sync_bitmap (video) ref count == 1
d3d      D          d3d_bmp.cpp:539  _al_d3d_sync_bitmap              [   5.00833] _al_d3d_sync_bitmap (system) ref count == 1
d3d      D          d3d_bmp.cpp:545  _al_d3d_sync_bitmap              [   5.00838] _al_d3d_sync_bitmap (video) ref count == 1
d3d      D          d3d_bmp.cpp:539  _al_d3d_sync_bitmap              [   5.05855] _al_d3d_sync_bitmap (system) ref count == 1
d3d      D          d3d_bmp.cpp:545  _al_d3d_sync_bitmap              [   5.05860] _al_d3d_sync_bitmap (video) ref count == 1
d3d      D          d3d_bmp.cpp:539  _al_d3d_sync_bitmap              [   5.09247] _al_d3d_sync_bitmap (system) ref count == 1
d3d      D          d3d_bmp.cpp:545  _al_d3d_sync_bitmap              [   5.09252] _al_d3d_sync_bitmap (video) ref count == 1
d3d      D          d3d_bmp.cpp:539  _al_d3d_sync_bitmap              [   5.14140] _al_d3d_sync_bitmap (system) ref count == 1
d3d      D          d3d_bmp.cpp:545  _al_d3d_sync_bitmap              [   5.14145] _al_d3d_sync_bitmap (video) ref count == 1
d3d      D          d3d_bmp.cpp:539  _al_d3d_sync_bitmap              [   5.17515] _al_d3d_sync_bitmap (system) ref count == 1
d3d      D          d3d_bmp.cpp:545  _al_d3d_sync_bitmap              [   5.17520] _al_d3d_sync_bitmap (video) ref count == 1
d3d      D          d3d_bmp.cpp:539  _al_d3d_sync_bitmap              [   5.22519] _al_d3d_sync_bitmap (system) ref count == 1
d3d      D          d3d_bmp.cpp:545  _al_d3d_sync_bitmap              [   5.22524] _al_d3d_sync_bitmap (video) ref count == 1
d3d      D          d3d_bmp.cpp:539  _al_d3d_sync_bitmap              [   5.25940] _al_d3d_sync_bitmap (system) ref count == 1
d3d      D          d3d_bmp.cpp:545  _al_d3d_sync_bitmap              [   5.25946] _al_d3d_sync_bitmap (video) ref count == 1
d3d      D          d3d_bmp.cpp:539  _al_d3d_sync_bitmap              [   5.30884] _al_d3d_sync_bitmap (system) ref count == 1
d3d      D          d3d_bmp.cpp:545  _al_d3d_sync_bitmap              [   5.30888] _al_d3d_sync_bitmap (video) ref count == 1
d3d      D          d3d_bmp.cpp:539  _al_d3d_sync_bitmap              [   5.34163] _al_d3d_sync_bitmap (system) ref count == 1
d3d      D          d3d_bmp.cpp:545  _al_d3d_sync_bitmap              [   5.34169] _al_d3d_sync_bitmap (video) ref count == 1
d3d      D          d3d_bmp.cpp:539  _al_d3d_sync_bitmap              [   5.39146] _al_d3d_sync_bitmap (system) ref count == 1
d3d      D          d3d_bmp.cpp:545  _al_d3d_sync_bitmap              [   5.39152] _al_d3d_sync_bitmap (video) ref count == 1
d3d      D          d3d_bmp.cpp:539  _al_d3d_sync_bitmap              [   5.42526] _al_d3d_sync_bitmap (system) ref count == 1
d3d      D          d3d_bmp.cpp:545  _al_d3d_sync_bitmap              [   5.42531] _al_d3d_sync_bitmap (video) ref count == 1
d3d      D          d3d_bmp.cpp:539  _al_d3d_sync_bitmap              [   5.47548] _al_d3d_sync_bitmap (system) ref count == 1
d3d      D          d3d_bmp.cpp:545  _al_d3d_sync_bitmap              [   5.47553] _al_d3d_sync_bitmap (video) ref count == 1
d3d      D          d3d_bmp.cpp:539  _al_d3d_sync_bitmap              [   5.50817] _al_d3d_sync_bitmap (system) ref count == 1
d3d      D          d3d_bmp.cpp:545  _al_d3d_sync_bitmap              [   5.50821] _al_d3d_sync_bitmap (video) ref count == 1
d3d      D          d3d_bmp.cpp:539  _al_d3d_sync_bitmap              [   5.55797] _al_d3d_sync_bitmap (system) ref count == 1
d3d      D          d3d_bmp.cpp:545  _al_d3d_sync_bitmap              [   5.55802] _al_d3d_sync_bitmap (video) ref count == 1
d3d      D          d3d_bmp.cpp:539  _al_d3d_sync_bitmap              [   5.59116] _al_d3d_sync_bitmap (system) ref count == 1
d3d      D          d3d_bmp.cpp:545  _al_d3d_sync_bitmap              [   5.59122] _al_d3d_sync_bitmap (video) ref count == 1
d3d      D          d3d_bmp.cpp:539  _al_d3d_sync_bitmap              [   5.64187] _al_d3d_sync_bitmap (system) ref count == 1
d3d      D          d3d_bmp.cpp:545  _al_d3d_sync_bitmap              [   5.64193] _al_d3d_sync_bitmap (video) ref count == 1
d3d      D          d3d_bmp.cpp:539  _al_d3d_sync_bitmap              [   5.67469] _al_d3d_sync_bitmap (system) ref count == 1
d3d      D          d3d_bmp.cpp:545  _al_d3d_sync_bitmap              [   5.67475] _al_d3d_sync_bitmap (video) ref count == 1
d3d      D          d3d_bmp.cpp:539  _al_d3d_sync_bitmap              [   5.72461] _al_d3d_sync_bitmap (system) ref count == 1
d3d      D          d3d_bmp.cpp:545  _al_d3d_sync_bitmap              [   5.72466] _al_d3d_sync_bitmap (video) ref count == 1
d3d      I         d3d_disp.cpp:915  d3d_destroy_display              [   5.74331] destroying display 00000000027f1cc0 (current 0000000000000000)
bitmap   D        bitmap_type.c:308  _al_convert_to_memory_bitmap     [   5.74672] converting display bitmap 0000000002804310 to memory bitmap
dtor     D               dtor.c:196  _al_register_destructor          [   5.74678] added dtor for bitmap 0000000002843980, func 00007ffe347e1bea
d3d      D          d3d_bmp.cpp:539  _al_d3d_sync_bitmap              [   5.74681] _al_d3d_sync_bitmap (system) ref count == 1
d3d      D          d3d_bmp.cpp:545  _al_d3d_sync_bitmap              [   5.74683] _al_d3d_sync_bitmap (video) ref count == 1
dtor     D               dtor.c:227  _al_unregister_destructor        [   5.74989] removed dtor for bitmap 0000000002843980
d3d      D         d3d_disp.cpp:899  d3d_destroy_display_internals    [   5.75014] waiting for display 00000000027f1cc0's thread to end
d3d      W         d3d_disp.cpp:608  d3d_destroy_device               [   5.75873] d3d_destroy_device: ref count not 0
d3d      I         d3d_disp.cpp:1562 d3d_display_thread_proc          [   5.76146] d3d display thread exits
